<?xml version="1.0" encoding="UTF-8"?>
<!-- Generated by org.testng.reporters.JUnitReportReporter -->
<testsuite skipped="0" hostname="saffron-H81M-S" name="com.qa.testCases.SearchPageTest" tests="5" failures="0" timestamp="19 Mar 2019 10:45:01 GMT" time="240.042" errors="0">
  <testcase name="searchWithEmptyKeywordTest" time="46.326" classname="com.qa.testCases.SearchPageTest"/>
  <testcase name="searchButtonClickabilityTest" time="47.121" classname="com.qa.testCases.SearchPageTest"/>
  <testcase name="NoResultFoundOnSearchTest" time="49.585" classname="com.qa.testCases.SearchPageTest"/>
  <testcase name="verifySearchResultTest" time="50.637" classname="com.qa.testCases.SearchPageTest"/>
  <testcase name="placeholderTest" time="46.373" classname="com.qa.testCases.SearchPageTest"/>
</testsuite> <!-- com.qa.testCases.SearchPageTest -->
