<?xml version="1.0" encoding="UTF-8"?>
<!-- Generated by org.testng.reporters.JUnitReportReporter -->
<testsuite skipped="0" hostname="saffron-H81M-S" name="com.qa.testCases.LoginPageTest" tests="6" failures="0" timestamp="19 Mar 2019 10:45:01 GMT" time="347.523" errors="0">
  <testcase name="loginTest" time="60.617" classname="com.qa.testCases.LoginPageTest"/>
  <testcase name="loginpageValidationTest" time="51.521" classname="com.qa.testCases.LoginPageTest"/>
  <testcase name="inValidEmailTest" time="53.718" classname="com.qa.testCases.LoginPageTest"/>
  <testcase name="loginWithNotMatchedRecoredsTest" time="54.518" classname="com.qa.testCases.LoginPageTest"/>
  <testcase name="forgotPasswordTest" time="64.004" classname="com.qa.testCases.LoginPageTest"/>
  <testcase name="ForgotPasswordToLoginPopUpSwitchTest" time="63.145" classname="com.qa.testCases.LoginPageTest"/>
</testsuite> <!-- com.qa.testCases.LoginPageTest -->
