<?xml version="1.0" encoding="UTF-8"?>
<!-- Generated by org.testng.reporters.JUnitReportReporter -->
<testsuite skipped="0" hostname="saffron-H81M-S" name="com.qa.testCases.MyAccountPageTest" tests="9" failures="0" timestamp="19 Mar 2019 10:45:01 GMT" time="624.330" errors="0">
  <testcase name="MyAccountButtonClickabilityTest" time="62.677" classname="com.qa.testCases.MyAccountPageTest"/>
  <testcase name="myAccountPageTitleTest" time="81.831" classname="com.qa.testCases.MyAccountPageTest"/>
  <testcase name="upGradeNowButtonClickabilityTest" time="69.104" classname="com.qa.testCases.MyAccountPageTest"/>
  <testcase name="editButtonClickabilityTest" time="64.816" classname="com.qa.testCases.MyAccountPageTest"/>
  <testcase name="fieldDisabilityTestBeforEdit" time="64.432" classname="com.qa.testCases.MyAccountPageTest"/>
  <testcase name="updateAccountInfoTest" time="71.086" classname="com.qa.testCases.MyAccountPageTest"/>
  <testcase name="upgradeNowPageTest" time="67.735" classname="com.qa.testCases.MyAccountPageTest"/>
  <testcase name="SubscriptioTypeButtonClickabilityTest" time="66.801" classname="com.qa.testCases.MyAccountPageTest"/>
  <testcase name="SwitchToPayPalLoginTest" time="75.848" classname="com.qa.testCases.MyAccountPageTest"/>
</testsuite> <!-- com.qa.testCases.MyAccountPageTest -->
