<?xml version="1.0" encoding="UTF-8"?>
<!-- Generated by org.testng.reporters.JUnitReportReporter -->
<testsuite skipped="0" hostname="saffron-H81M-S" name="com.qa.testCases.EnquiryPageTest" tests="8" failures="0" timestamp="19 Mar 2019 10:45:01 GMT" time="609.150" errors="0">
  <testcase name="EnquirySectionTest" time="70.651" classname="com.qa.testCases.EnquiryPageTest"/>
  <testcase name="textboxPlaceholderTest" time="70.235" classname="com.qa.testCases.EnquiryPageTest"/>
  <testcase name="subjectFieldValidationMessageTest" time="79.953" classname="com.qa.testCases.EnquiryPageTest"/>
  <testcase name="descriptionFieldValidationMessageTest" time="81.189" classname="com.qa.testCases.EnquiryPageTest"/>
  <testcase name="sendEnquiryTest" time="77.941" classname="com.qa.testCases.EnquiryPageTest"/>
  <testcase name="emailidFieldDisabilityTest" time="77.030" classname="com.qa.testCases.EnquiryPageTest"/>
  <testcase name="remainingCharacterLengthDescriptionTest" time="71.109" classname="com.qa.testCases.EnquiryPageTest"/>
  <testcase name="chooseFileOfEnquirySectiontest" time="81.042" classname="com.qa.testCases.EnquiryPageTest"/>
</testsuite> <!-- com.qa.testCases.EnquiryPageTest -->
