<?xml version="1.0" encoding="UTF-8"?>
<!-- Generated by org.testng.reporters.JUnitReportReporter -->
<testsuite skipped="0" hostname="saffron-H81M-S" name="com.qa.testCases.PastAdTest" tests="3" failures="0" timestamp="19 Mar 2019 10:45:01 GMT" time="188.722" errors="0">
  <testcase name="pastAdClickability" time="60.105" classname="com.qa.testCases.PastAdTest"/>
  <testcase name="pastAdPageTitletest" time="64.143" classname="com.qa.testCases.PastAdTest"/>
  <testcase name="noPastAdMessageTest" time="64.474" classname="com.qa.testCases.PastAdTest"/>
</testsuite> <!-- com.qa.testCases.PastAdTest -->
