<?xml version="1.0" encoding="UTF-8"?>
<!-- Generated by org.testng.reporters.JUnitReportReporter -->
<testsuite skipped="0" hostname="saffron-H81M-S" name="com.qa.testCases.EditAdTest" tests="3" failures="0" timestamp="19 Mar 2019 10:45:01 GMT" time="207.779" errors="0">
  <testcase name="editButtonClickabilityTest" time="72.556" classname="com.qa.testCases.EditAdTest"/>
  <testcase name="UpdateAdTest" time="69.788" classname="com.qa.testCases.EditAdTest"/>
  <testcase name="UpdateAdPageTitleTest" time="65.435" classname="com.qa.testCases.EditAdTest"/>
</testsuite> <!-- com.qa.testCases.EditAdTest -->
